<?xml version="1.0" encoding="UTF-8"?>
<!-- Generated by org.testng.reporters.JUnitReportReporter -->
<testsuite hostname="DESKTOP-D1JD8SN" failures="0" tests="3" name="MyTestCases2$create_account" time="9.439" errors="0" timestamp="2025-07-01T21:14:19 EET" skipped="0">
  <testcase classname="MyTestCases2$create_account" name="signup" time="2.683"/>
  <testcase classname="MyTestCases2$create_account" name="login" time="1.573"/>
  <testcase classname="MyTestCases2$create_account" name="AddToCart" time="5.183"/>
</testsuite> <!-- MyTestCases2$create_account -->
